0
0.5211
0.5129
0.6532
0.5068
0.8889
0.5549
0.7538
0.5
0.5302
0.5318
0.5786
0.7586
0.5834
0.511
0.5601
0.6127
0.6138
0
0.5122
0.7436
0.6023
0.5301
0.5949
0.5306
0.9298
0.7172
0.5149
0.5391
0.5916
0.6267
0.5673
0.5143
0.5951
0.5431
0
0.5112
0.5778
0.5588
0.5166
0.5055
0.5226
0.6842
0.5732
0.72
0.7143
0.58
0.5519
0.5098
0.5
0.5335
0
0.6067
0.6667
0.514
0.6
0
0.5134
0.508
0.5296
0.5547
0.5279
0.8391
0.5094
0.5745
0.599
0.6471
0.6214
0.59
0.5535
0.8207
0.5151
0.514
0.5294
0.5182
0.5343
0.5286
0.512
0.766
0.5135
0.5057
0.5453
0.5074
0.64
0.6
0.5154
0.6176
0.5167
0.6261
0.5105
0.5145
0.5068
0.5174
0.5889
0.5194
0.5153
0.5099
0.7196
0.5724
0.5097
0
1.0
0.5274
0
0.76
0.7333
0.5098
1.0
0
0.6071
0.5328
0.6301
0.5855
0.5669
0.5057
0.5767
0.5908
0.5104
0.8333
0.5681
0.7021
0.5527
0.5593
0.5973
0.5942
0.596
0.6139
0.5706
0.5464
0.5174
0.5841
0.507
0.5263
0.5347
0.5504
0.5703
0.5515
0.5736
0.5758
0.5434
0.7462
0.589
0.5113
0.5528
0
0.5913
0.572
0.656
0.5612
0.5381
0.5746
0.6667
0
0.8125
0.6035
0.5816
0.557
0.5
0.5384
0.5956
0.5657
0.5593
0.5636
0.6104
0.5701
0.5318
0.6091
0.5174
0.5
0
0.5931
0.5358
0.5228
0.8333
0.6447
0.6396
0
0.5638
0.516
0.6136
0.6889
0
0.5118
0.5125
0.5957
0.5545
0
0.5789
0.5475
0.5309
0.509
0.7474
0.629
0.5648
0.5511
0.5383
0.7692
0.5751
0.5726
0.5578
0.5535
0.5005
0
0.5084
0.554
0
0.5146
0.8724
0.5709
0.587
0.5769
0.5532
0.5039
0.5804
0.5998
0
0.5599
0.512
1.0
0.5187
0.5073
0.5667
0.5073
0.5408
0.5135
0.5099
0.5826
0.568
0.5087
0.5938
0.5
0.594
0.7222
0.5189
0.504
0.5134
0.5162
0.6217
0.5992
0.5154
0.576
0.5741
0.5785
0.5078
0.593
0.5066
0.515
0.5333
0
0.5808
0.5197
0.5173
0
0.5324
0.5732
0.5154
0.5716
0.6667
0.5157
0.62
0.623
0.6049
0.5102
0.6062
0.5106
0.5399
0.6124
0.5748
0.5101
0.515
0.5231
0.5886
1.0
0.5141
0.5184
0.5143
0.5297
0.5164
1.0
0.7727
0.7778
0.5146
0.5805
0.513
0.5753
0.5902
0.5222
0.5425
0.5007
0.65
0.5052
0.6135
0
0.5053
0.5398
0.7368
0.57
0.5884
0.5096
0.526
0.6207
0.55
0.5813
0.5455
0.6071
0.5
0.5099
0.5758
0.5245
0.5888
0.6508
1.0
0.5295
0.6809
0.5895
0.5578
0.5142
0.5817
0.6233
1.0
0.583
0.5475
0.5128
0
0.75
0.531
0.5082
0.5895
0.5636
0.5
0.561
0.5079
0.58
0.518
0.5597
0.5885
0.5173
0.5755
0
0.5
0.504
0.5104
0.5972
0.5148
0.5897
0.5462
0.5
0.5318
0.5148
0.5
0.6585
0.5052
0.5169
0.5
0.5349
0.5075
0.7436
0.5144
0.7647
0.5137
0.5087
0.5128
0.5651
0.5945
0.5427
0.599
0.5103
0.5663
0.5251
0.5942
0.567
0.5106
0.5087
0.5151
0
0.6598
0.5225
0.5104
0.5069
0.5
0.5232
0.5591
0.6495
0.5714
0.6429
0.5507
0.5384
0.5918
0.5106
0.5129
0.5939
0.5014
0.5189
0.5133
0.5805
0.5128
0.5706
0.8182
0.5529
0.6
0.8758
0.5902
0.5705
0.5073
0.6032
0.5177
0.5464
0.508
0.5086
0
0.5693
0.5887
0.6167
0.5331
0.6875
0.9
0.5833
0.5007
0.5608
0.5183
0.7857
0.8
0.8305
0.95
0.5183
0.6047
0.6061
0.5533
0.5139
0.55
0.5066
0.6138
0.5133
0.8418
0.5415
0.5106
0.5509
0.5882
0.5262
0.5176
0.5119
0.5433
0
0.6364
0.5355
0.5094
0.5042
0.5417
0.5831
0.5102
0.5168
0
0.542
0.6391
0.5648
0.5209
0
0.5395
0.5584
0.5152
0.5222
0.5
0.6433
0.5076
0.5752
0.5086
0.5421
0.5167
0.5199
0.5401
0.5085
0
0
0.5131
0.5159
0.6552
0.6103
0.5108
0.51
0.5629
0.5867
0.5124
0.62
0.5547
0.5793
0
0.5126
0.6049
0.6324
0.5
0.5078
0.5143
0.5939
0.5581
0.583
0.6233
0.5032
0.502
0.5126
0.5107
0.5102
0.5487
0
0.8455
0.5183
0.9333
0.5128
0.5594
0.5167
0.5125
0.5709
0.5238
0.5835
0.5
0.9167
0.5686
0.6091
0.505
0.5338
0.5183
0.8
0.524
0.5598
0.5608
0.5162
0.8571
0.5105
0.5169
0.656
0.5443
0.6491
0.5128
0.5704
0.5
0.5248
0.6
0.5152
0.5748
0.5109
0.5158
0.5065
0.5597
0.5127
0.7
0.5343
0.5088
0.5088
0.5138
0.5133
0.5111
0.5341
0.5118
0.7358
0.5465
0
0.5648
0.736
0.5135
0.5167
0.5242
0.5181
0
0.5533
0.6706
0.5122
0.6076
0.5477
0.5465
0.6
0.7647
0.509
0.6471
0.5114
0.5119
0.5939
0.5093
0.5838
0.5809
0.5783
0.6452
0.5108
0.5189
0.5119
1.0
0.5897
0.5138
0.5284
0.6156
0.5035
0.5206
0.5
0
0.5077
0.514
0.5906
0.6046
0.5123
0.5133
0.5707
0.5113
0
0.6226
0.5083
0.5123
0.5636
0
0.5155
0.5446
0.5133
0.7857
0.5084
0.5089
0.5255
1.0
0.5108
0.5951
0.5363
0.512
0.5485
0.5245
0.5131
0.5096
