0.522
0.514
0.6532
0.5068
0.8889
0.5549
0.7795
0.5
0.5302
0.5318
0.5786
0.7586
0.5834
0.511
0.5639
0.6127
0.6138
0.6667
0.5152
0.7436
0.6023
0.533
0.6053
0.5306
0.9298
0.7172
0.5149
0.5542
0.5916
0.6376
0.5673
0.5143
0.5951
0.5482
0.5906
0.5136
0.5852
0.5726
0.5166
0.5063
0.5296
0.6842
0.5803
0.72
0.7857
0.58
0.5556
0.5127
0.5
0.5335
0.5
0.6067
0.6667
0.5158
0.6
0.6842
0.5134
0.508
0.535
0.5626
0.5279
0.8506
0.5112
0.6198
0.5992
0.6471
0.6456
0.59
0.5677
0.8207
0.5159
0.514
0.5294
0.5234
0.5357
0.5286
0.515
0.8085
0.5148
0.5092
0.5542
0.5074
0.64
0.65
0.5154
0.6471
0.5167
0.6348
0.5144
0.5145
0.5068
0.5174
0.5889
0.5228
0.5153
0.51
0.7302
0.5724
0.5097
0.5142
1.0
0.5354
0.6429
0.84
0.7333
0.5108
1.0
0.5913
0.619
0.5364
0.6438
0.6011
0.5732
0.5057
0.6085
0.5925
0.5104
0.8333
0.5982
0.7021
0.5662
0.5593
0.6152
0.5942
0.596
0.6582
0.5706
0.5464
0.5174
0.625
0.51
0.5263
0.5347
0.5504
0.5733
0.5732
0.5768
0.5758
0.5434
0.7513
0.6015
0.5142
0.5609
0.7
0.5995
0.572
0.656
0.5612
0.5381
0.5746
0.6667
0.5238
0.8125
0.609
0.5816
0.5577
0.5
0.5419
0.6099
0.5657
0.5593
0.5636
0.6558
0.5701
0.5318
0.6142
0.5258
0.5
0.8333
0.5951
0.5358
0.5354
0.8333
0.6447
0.6548
0.5868
0.5702
0.516
0.6136
0.6889
0.5126
0.5118
0.5139
0.6099
0.5566
0.6133
0.5789
0.5475
0.5309
0.509
0.7579
0.6452
0.5788
0.5713
0.5472
0.8462
0.5751
0.5755
0.5586
0.5556
0.5006
0.5192
0.5087
0.554
0.5
0.5146
0.8724
0.5709
0.587
0.5894
0.5532
0.5047
0.5804
0.5998
0.5764
0.5778
0.516
1.0
0.5187
0.5073
0.5667
0.5113
0.5408
0.5135
0.5099
0.5826
0.568
0.5087
0.5938
0.5
0.594
0.7222
0.5209
0.5045
0.5134
0.5162
0.6217
0.5992
0.5173
0.576
0.5741
0.5785
0.5078
0.6047
0.5066
0.5152
0.5333
0.5137
0.584
0.5253
0.5173
0.5154
0.5357
0.5732
0.5154
0.5797
0.6667
0.5157
0.62
0.6557
0.6049
0.5102
0.6103
0.5166
0.5399
0.6202
0.585
0.5111
0.515
0.5263
0.5886
1.0
0.5141
0.5188
0.5143
0.5297
0.5164
1.0
0.7727
0.7778
0.5196
0.5991
0.516
0.5835
0.5907
0.5236
0.5425
0.5007
0.65
0.5064
0.6135
0.5167
0.5063
0.5575
0.7368
0.58
0.6201
0.5135
0.526
0.6293
0.55
0.5813
0.5455
0.6071
0.5
0.5105
0.5758
0.5251
0.5888
0.6508
1.0
0.5295
0.6809
0.5895
0.5578
0.5152
0.5817
0.6233
1.0
0.6032
0.5475
0.513
0.9318
0.75
0.531
0.5088
0.5996
0.5636
0.5
0.561
0.5098
0.58
0.518
0.565
0.622
0.5173
0.5755
0.5055
0.5
0.5055
0.5166
0.6146
0.516
0.5897
0.5462
0.5
0.5364
0.5148
0.5
0.6585
0.5082
0.5244
0.5
0.5349
0.5103
0.7538
0.5144
0.7647
0.5137
0.5114
0.5133
0.5849
0.6103
0.5427
0.6142
0.5113
0.5737
0.5287
0.5958
0.567
0.5106
0.5087
0.5165
0.5191
0.6598
0.5225
0.5104
0.5079
0.5
0.5232
0.5753
0.6495
0.5714
0.6786
0.5507
0.5444
0.5918
0.5122
0.5129
0.6091
0.502
0.5253
0.5149
0.5805
0.5128
0.5706
0.9091
0.5529
0.65
0.8758
0.5984
0.5973
0.5073
0.6085
0.5177
0.5464
0.5113
0.5086
1.0
0.5693
0.5887
0.6167
0.5331
0.7292
0.9
0.5833
0.5007
0.5642
0.5183
0.7857
0.8
0.8305
0.95
0.5189
0.6047
0.6364
0.5658
0.5139
0.5625
0.5081
0.6667
0.5141
0.936
0.5415
0.5131
0.5552
0.5882
0.5262
0.5204
0.5119
0.5698
0.6379
0.6692
0.5355
0.5094
0.5042
0.551
0.5831
0.5142
0.5168
0.511
0.5446
0.6391
0.5749
0.5302
0.5933
0.5469
0.5584
0.5152
0.5277
0.5
0.6529
0.5076
0.5752
0.5092
0.5421
0.5214
0.5199
0.5583
0.5127
0.5112
0.5508
0.5166
0.5159
0.6897
0.6103
0.5108
0.51
0.5814
0.5867
0.5132
0.62
0.5587
0.5861
0.5055
0.5126
0.6049
0.6324
0.5
0.5094
0.5164
0.5939
0.5581
0.583
0.6339
0.5033
0.502
0.5126
0.5107
0.5102
0.5487
0.5123
0.8455
0.5233
0.9333
0.5145
0.5594
0.5167
0.5164
0.581
0.5238
0.5835
0.5
0.9167
0.5784
0.7107
0.505
0.5556
0.5193
0.8
0.524
0.5767
0.5608
0.521
0.8571
0.5144
0.5178
0.656
0.5443
0.6491
0.5128
0.5714
0.5
0.526
0.62
0.5152
0.5748
0.5115
0.5158
0.5065
0.5597
0.5127
0.8
0.5424
0.5095
0.5095
0.5148
0.515
0.5123
0.542
0.5165
0.7736
0.5465
0.6354
0.5648
0.736
0.5146
0.5225
0.5267
0.5181
0.6009
0.5533
0.6941
0.5134
0.6215
0.5477
0.5465
0.608
0.8235
0.509
0.6471
0.5132
0.5119
0.6244
0.5107
0.6041
0.5809
0.5783
0.6452
0.5164
0.5237
0.5127
1.0
0.5959
0.5138
0.5401
0.6156
0.5035
0.5206
0.5
0.517
0.5077
0.514
0.6174
0.6046
0.5125
0.5133
0.5707
0.5113
0.5163
0.6484
0.5085
0.5123
0.5636
0.5137
0.5155
0.5446
0.5135
0.7857
0.5084
0.5089
0.5255
1.0
0.5114
0.5951
0.5363
0.512
0.5485
0.525
0.5131
