0
0.5467
0.5511
0.75
0.5173
1.0
0.566
0.9949
0.5
0.547
0.561
0.9672
0.8621
0.6057
0.5312
0.6186
0.6428
0.6545
1.0
0.5312
0.7949
0.6495
0.5387
0.6376
0.5408
0.9825
0.803
0.5261
0.5821
0.6296
0.7003
0.6095
0.5328
0.6336
0.7513
0.7719
0.5302
0.9259
0.6151
0.5273
0.509
0.5562
0.807
0.6103
1.0
0.7143
0.99
0.7111
0.5264
0.5
0.567
0.5
0.8333
0.7333
0.5295
0.6222
0.8421
0.5304
0.515
0.5517
0.5968
0.5422
1.0
0.5335
0.9897
1.0
0.6471
0.7282
1.0
0.6051
1.0
0.5299
0.5316
0.6508
0.543
0.5599
0.5703
0.5308
0.9362
0.5301
0.5169
0.5877
0.5157
0.74
0.7
0.5343
0.8824
0.5214
0.8696
0.5324
0.5323
0.517
0.5319
0.6111
0.543
0.5328
0.5207
0.8148
0.6176
0.5285
0.529
1.0
0.5702
0
0.84
0.8667
0.5321
1.0
0
0.75
0.5697
0.6712
0.6626
0.6242
0.5139
0.6598
0.6281
0.5301
0.8611
0.9897
0.7021
0.9416
0.5863
0.6448
0.633
0.6465
0.9937
0.6235
0.6701
0.5387
0.6335
0.516
0.5449
0.5763
0.5899
0.6309
0.6029
0.6298
1.0
0.5828
0.9848
0.6429
0.531
0.6064
0.75
0.9763
0.6104
0.732
0.6845
0.583
0.6085
0.6667
0.5531
0.875
0.6883
0.6689
0.6014
0.5
0.5833
0.6434
0.6465
0.5818
0.6141
0.9286
0.5947
0.5748
0.6701
0.5492
0.5
0.8333
0.6498
0.5676
0.667
1.0
0.6751
0.7056
0.719
0.7111
0.5423
0.6591
0.7556
0.527
0.5358
0.5304
0.8156
0.5894
0.6867
0.6381
0.5868
0.7222
0.5269
0.9842
0.7419
0.6335
0.5965
0.5973
0.8462
0.9392
0.6439
0.5933
0.5889
0.5008
0.745
0.5176
0.6244
0
0.531
0.9082
0.6538
0.6437
0.9796
0.6809
0.5109
0.6411
0.6513
0.8611
0.6257
0.527
1.0
0.5348
0.5179
0.6236
0.5202
0.5638
0.5285
0.519
0.6033
0.6361
0.5179
0.6289
0.5
0.6659
0.7677
0.5407
0.5093
0.5291
0.5296
0.6546
0.6559
0.5265
0.8
0.8001
0.64
0.5144
0.8605
0.5141
0.5332
0.5528
0.531
0.6333
0.5488
0.5284
0.5321
0.581
0.5884
0.53
0.6089
0.6667
0.5333
0.6867
0.8033
0.9012
0.5179
0.6784
0.5317
0.5593
0.814
0.6259
0.5282
0.5336
0.5589
0.8481
1.0
0.5296
0.5357
0.5314
0.5532
0.5326
1.0
1.0
0.7778
0.5949
0.6264
0.5297
0.6515
0.657
0.5282
0.63
0.5011
0.7
0.5141
0.6503
0.5167
0.5114
0.5487
0.7895
0.65
0.6349
0.5292
0.5475
0.8966
0.6067
0.6438
0.5455
0.8265
0.5
0.5292
1.0
0.5484
0.6802
0.7165
1.0
0.5497
0.7398
0.6299
0.5925
0.5311
0.9403
0.8836
1.0
0.6883
0.5855
0.5289
0.9545
0.8333
0.5569
0.5203
0.6468
0.6162
0.5
0.5863
0.5192
0.6
0.5387
0.6178
0.756
0.5297
0.6242
0.508
0.5
0.5089
0.5287
0.6568
0.5302
0.6513
0.5806
0.5
0.5697
0.5332
0.5
0.6585
0.5175
0.5494
0.5
0.6686
0.5229
0.9897
0.5323
0.7647
0.5333
0.5188
0.5357
0.734
0.628
0.6767
0.6802
0.5322
0.6225
0.5987
0.6589
0.6235
0.5141
0.5197
0.5335
0.5756
0.7202
0.5528
0.5166
0.515
0.5
0.547
0.6022
0.6866
0.625
0.7143
0.5739
0.5909
0.8306
0.5305
0.5296
0.8581
0.5036
0.5474
0.5323
0.8051
0.5285
0.6836
0.9091
0.568
0.7667
0.9876
0.6475
0.9866
0.5142
0.6804
0.5329
0.5972
0.5206
0.5182
0
0.5958
1.0
0.7333
0.5584
0.7708
1.0
0.8
0.5008
0.625
0.5395
0.7857
0.8
0.8678
0.95
0.5532
0.7132
0.9899
0.6055
0.5304
0.6937
0.5141
0.6829
0.5302
0.899
0.5864
0.5134
0.5784
0.6099
0.5528
0.5415
0.5316
0.7188
0
0.6894
0.5666
0.5125
0.5083
0.5828
0.619
0.5305
0.5255
0.5301
0.6045
0.7143
0.6296
0.5481
0.66
0.6066
0.5867
0.5331
0.5507
0.5
0.9996
0.5177
0.64
0.5264
0.5494
0.5214
0.5412
0.6701
0.5312
0.5169
0.6442
0.5309
0.5345
0.7931
0.6289
0.5292
0.5235
0.6103
0.7733
0.5296
0.68
0.6275
0.6258
0.5104
0.5228
0.7407
0.6215
0.5
0.5295
0.5398
0.6743
0.6045
0.664
0.6582
0.5062
0.5026
0.5303
0.5292
0.5269
0.5929
0.5303
0.8273
0.5491
0.9333
0.5386
0.5874
0.5214
0.5394
0.6275
0.5238
0.6268
0.5
0.9167
0.5874
0.731
0.5108
0.5702
0.5235
0.8
0.5406
0.6085
0.6056
0.5315
1.0
0.5308
0.5417
0.6928
0.5824
1.0
0.529
0.5982
0.5
0.6547
0.64
0.5369
1.0
0.5297
0.5281
0.5183
0.6027
0.5313
0.9
0.5722
0.5185
0.5214
0.5294
0.5302
0.5296
0.6209
0.5321
0.7642
0.5737
0.8542
0.6316
0.797
0.5311
0.5533
0.5355
0.5405
0.6567
0.6
1.0
0.5282
0.8611
0.5991
0.6171
0.8
0.8824
0.5193
0.7059
0.5296
0.5312
0.6904
0.5193
0.6751
0.6617
0.6295
0.7312
0.6667
0.5389
0.5364
1.0
0.6639
0.5306
0.5657
0.6226
0.5039
0.5561
0.5
0.517
0.5331
0.5329
0.6644
0.7092
0.5286
0.5307
0.6248
0.5303
0.5331
0.6839
0.5272
0.5319
0.6303
0.533
0.5316
0.5637
0.534
0.7857
0.5182
0.5189
0.5464
1.0
0.5323
0.6599
0.6473
0.5301
0.5806
0.5449
0.5327
