0
0.549
0.5511
0.7258
0.5136
1.0
0.567
0.9949
0.5
0.557
0.5651
0.9672
0.7586
0.6097
0.5312
0.614
0.6501
0.6789
1.0
0.529
0.8205
0.6604
0.5387
0.645
0.5408
1.0
0.798
0.5254
0.5905
0.6497
0.6812
0.6312
0.5341
0.6356
0.7513
0.7719
0.5292
0.9259
0.6075
0.5285
0.5092
0.5545
0.807
0.6438
1.0
0.7857
0.99
0.7111
0.5268
0.5
0.5567
0.5
0.8333
0.7333
0.5301
0.6487
0.8421
0.534
0.5136
0.5638
0.6042
0.5407
1.0
0.5293
0.9897
1.0
0
0.7282
1.0
0.596
1.0
0.5311
0.5316
0.6508
0.5428
0.5549
0.5703
0.5321
0.8511
0.5293
0.5188
0.6017
0.52
0.72
0.7
0.5323
0.8824
0.519
0.8696
0.5332
0.5315
0.5153
0.5308
0.6111
0.5433
0.533
0.5216
0.8069
0.6118
0.532
0.5318
0
0.5689
0
0.84
0.8
0.5295
1.0
0
0.75
0.5641
0.6712
0.6374
0.6115
0.5149
0.6297
0.635
0.5313
0.8889
0.9897
0.7021
0.9416
0.5893
0.6566
0.6653
0.6566
0.9937
0.6294
0.6701
0.5344
0.6829
0.5167
0.5482
0.5763
0.6053
0.6148
0.6188
0.6298
1.0
0.601
0.9848
0.6266
0.5336
0.6064
0.75
0.9763
0.6154
0.732
0.6845
0.5696
0.6116
0
0.5531
0.9375
0.6586
0.6291
0.5772
0.5
0.5747
0.6786
0.6263
0.5708
0.6141
0.9286
0.6265
0.5744
0.6802
0.5488
0.5
0
0.67
0.577
0.667
0
0.6904
0.7208
0.719
0.7111
0.5384
0.6818
0.8
0.5288
0.5358
0.5354
0.8156
0.5926
0.66
0.6192
0.5739
0.7222
0.5292
0.9842
0.6935
0.6168
0.5965
0.6121
0
0.9392
0.6382
0.589
0.597
0.5008
0.745
0.5189
0.6221
0
0.5302
0.9133
0.6538
0.668
0.9796
0.6809
0.5108
0.5956
0.6368
0.8611
0.6557
0.5324
0
0.5344
0.5165
0.6236
0.5192
0.5561
0.5325
0.5198
0.6301
0.6395
0.5161
0.6247
0.5
0.6303
0.803
0.5446
0.5093
0.5316
0.5318
0.6743
0.668
0.5279
0.8
0.8001
0.6462
0.515
0.8605
0.5138
0.5318
0.5554
0.5298
0.6562
0.5423
0.5322
0.5297
0.581
0.5786
0.533
0.6254
0
0.534
0.6667
0.8033
0.9012
0.517
0.7072
0.5354
0.5726
0.814
0.6463
0.5284
0.5319
0.5525
0.8481
0
0.5334
0.5328
0.5309
0.5508
0.5313
0
1.0
0
0.5949
0.6381
0.5307
0.6392
0.6407
0.5277
0.63
0.5014
0.7
0.5143
0.638
0.5167
0.5119
0.5575
0.7895
0.65
0.6317
0.5336
0.5531
0.8966
0.6067
0.6813
0
0.8265
0.5
0.5304
1.0
0.5579
0.6751
0.6732
1.0
0.5619
0.7094
0.6148
0.5857
0.5313
0.9403
0.8836
1.0
0.6559
0.5933
0.5296
0.9545
0
0.5485
0.5199
0.6398
0.6141
0
0.5863
0.5196
0.62
0.5416
0.6168
0.756
0.5324
0.6248
0.5076
0
0.5089
0.5287
0.643
0.5328
0.6059
0.5682
0
0.5717
0.5304
0.5
0.6829
0.5153
0.5486
0.5
0.6686
0.5228
0.9897
0.5286
0
0.5323
0.5198
0.5355
0.734
0.6371
0.6767
0.6701
0.5286
0.6425
0.5987
0.6589
0.6246
0.5141
0.519
0.5301
0.5756
0.7237
0.5528
0.5169
0.516
0.5
0.5462
0.6183
0.6742
0.625
0.7143
0.5918
0.5848
0.8306
0.5274
0.5273
0.8581
0.5036
0.5478
0.5291
0.8051
0.533
0.6554
0
0.5714
0.7667
0.9876
0.6475
0.9866
0.516
0.655
0.5356
0.5838
0.5189
0.5165
0
0.5968
1.0
0.7333
0.5678
0.7917
0
0.8
0.5008
0.6453
0.5395
0.7857
0
0.8712
0.95
0.5575
0.7132
0.9899
0.6104
0.53
0.6937
0.5148
0.6748
0.5282
0.9327
0.5984
0.5136
0.5954
0.6483
0.5528
0.5427
0.5286
0.7188
0
0.6894
0.5666
0.5156
0.5075
0.5828
0.6237
0.5285
0.531
0.5289
0.6045
0.7143
0.6377
0.5481
0.68
0.6066
0.6023
0.5315
0.5531
0.5
0.9996
0.5164
0.6141
0.5284
0.5577
0.5214
0.5416
0.6701
0.5312
0.5112
0.6442
0.5364
0.5299
0.7931
0.6309
0.5336
0.5248
0.6144
0.7733
0.5319
0.68
0.6397
0.6096
0.5104
0.5177
0.7407
0.6139
0.5
0.5276
0.5398
0.6448
0.5847
0.664
0.6751
0.5059
0.5026
0.5311
0.5334
0.531
0.5925
0.5297
0.9212
0.5472
0.9333
0.5351
0.5921
0.519
0.5423
0.6275
0.5238
0.6412
0.5
0.9167
0.5764
0.7259
0.5097
0.5631
0.5224
0.8
0.5427
0.6254
0.6096
0.5305
1.0
0.5282
0.5449
0.6972
0.5674
1.0
0.5373
0.5919
0
0.6547
0.64
0.5369
1.0
0.5307
0.5366
0.5183
0.6046
0.5329
0.8
0.5818
0.5176
0.5192
0.5325
0.5295
0.5286
0.6209
0.5319
0.7453
0.5715
0.8542
0.6194
0.8376
0.5368
0.5495
0.5387
0.5401
0.6824
0.5967
1.0
0.5258
0.8611
0.6065
0.6171
0.8
0
0.5165
0
0.5356
0.5302
0.7107
0.5238
0.665
0.62
0.6123
0.7527
0.6667
0.5359
0.5325
0
0.668
0.534
0.56
0.6283
0.5039
0.5448
0.5
0.517
0.5331
0.5293
0.651
0.6928
0.5296
0.5291
0.6391
0.5311
0.5351
0.6839
0.5249
0.53
0.6303
0.533
0.5306
0.5606
0.5334
0.7857
0.52
0.5199
0.548
0
0.5369
0.6802
0.6473
0.5354
0.5667
0.5449
0.5349
